game/android/app/build/intermediates/manifest_merge_blame_file/debug/manifest-merger-blame-debug-report.txt
1<?xml version="1.0" encoding="utf-8"?>
2<manifest xmlns:android="http://schemas.android.com/apk/res/android"
3    package="com.rc7.oneyearroom"
4    android:versionCode="1"
5    android:versionName="1.0" >
6
7    <uses-sdk
8        android:minSdkVersion="22"
9        android:targetSdkVersion="34" />
10
11    <!-- Permissions -->
12
13    <uses-permission android:name="android.permission.INTERNET" />
13-->src\main\AndroidManifest.xml:40:5-67
13-->src\main\AndroidManifest.xml:40:22-64
14
15    <permission
15-->[androidx.core:core:1.12.0] AndroidManifest.xml:22:5-24:47
16        android:name="com.rc7.oneyearroom.DYNAMIC_RECEIVER_NOT_EXPORTED_PERMISSION"
16-->[androidx.core:core:1.12.0] AndroidManifest.xml:23:9-81
17        android:protectionLevel="signature" />
17-->[androidx.core:core:1.12.0] AndroidManifest.xml:24:9-44
18
19    <uses-permission android:name="com.rc7.oneyearroom.DYNAMIC_RECEIVER_NOT_EXPORTED_PERMISSION" />
19-->[androidx.core:core:1.12.0] AndroidManifest.xml:26:5-97
19-->[androidx.core:core:1.12.0] AndroidManifest.xml:26:22-94
20
21    <application
21-->src\main\AndroidManifest.xml:4:5-36:19
22        android:allowBackup="true"
22-->src\main\AndroidManifest.xml:5:9-35
23        android:appComponentFactory="androidx.core.app.CoreComponentFactory"
23-->[androidx.core:core:1.12.0] AndroidManifest.xml:28:18-86
24        android:debuggable="true"
25        android:extractNativeLibs="true"
26        android:icon="@mipmap/ic_launcher"
26-->src\main\AndroidManifest.xml:6:9-43
27        android:label="@string/app_name"
27-->src\main\AndroidManifest.xml:7:9-41
28        android:roundIcon="@mipmap/ic_launcher_round"
28-->src\main\AndroidManifest.xml:8:9-54
29        android:supportsRtl="true"
29-->src\main\AndroidManifest.xml:9:9-35
30        android:theme="@style/AppTheme" >
30-->src\main\AndroidManifest.xml:10:9-40
31        <activity
31-->src\main\AndroidManifest.xml:12:9-25:20
32            android:name="com.rc7.oneyearroom.MainActivity"
32-->src\main\AndroidManifest.xml:14:13-41
33            android:configChanges="orientation|keyboardHidden|keyboard|screenSize|locale|smallestScreenSize|screenLayout|uiMode"
33-->src\main\AndroidManifest.xml:13:13-129
34            android:exported="true"
34-->src\main\AndroidManifest.xml:18:13-36
35            android:label="@string/title_activity_main"
35-->src\main\AndroidManifest.xml:15:13-56
36            android:launchMode="singleTask"
36-->src\main\AndroidManifest.xml:17:13-44
37            android:theme="@style/AppTheme.Launch" >
37-->src\main\AndroidManifest.xml:16:13-51
38            <intent-filter>
38-->src\main\AndroidManifest.xml:20:13-23:29
39                <action android:name="android.intent.action.MAIN" />
39-->src\main\AndroidManifest.xml:21:17-69
39-->src\main\AndroidManifest.xml:21:25-66
40
41                <category android:name="android.intent.category.LAUNCHER" />
41-->src\main\AndroidManifest.xml:22:17-77
41-->src\main\AndroidManifest.xml:22:27-74
42            </intent-filter>
43        </activity>
44
45        <provider
46            android:name="androidx.core.content.FileProvider"
46-->src\main\AndroidManifest.xml:28:13-62
47            android:authorities="com.rc7.oneyearroom.fileprovider"
47-->src\main\AndroidManifest.xml:29:13-64
48            android:exported="false"
48-->src\main\AndroidManifest.xml:30:13-37
49            android:grantUriPermissions="true" >
49-->src\main\AndroidManifest.xml:31:13-47
50            <meta-data
50-->src\main\AndroidManifest.xml:32:13-34:64
51                android:name="android.support.FILE_PROVIDER_PATHS"
51-->src\main\AndroidManifest.xml:33:17-67
52                android:resource="@xml/file_paths" />
52-->src\main\AndroidManifest.xml:34:17-51
53        </provider>
54        <provider
54-->[androidx.emoji2:emoji2:1.2.0] AndroidManifest.xml:24:9-32:20
55            android:name="androidx.startup.InitializationProvider"
55-->[androidx.emoji2:emoji2:1.2.0] AndroidManifest.xml:25:13-67
56            android:authorities="com.rc7.oneyearroom.androidx-startup"
56-->[androidx.emoji2:emoji2:1.2.0] AndroidManifest.xml:26:13-68
57            android:exported="false" >
57-->[androidx.emoji2:emoji2:1.2.0] AndroidManifest.xml:27:13-37
58            <meta-data
58-->[androidx.emoji2:emoji2:1.2.0] AndroidManifest.xml:29:13-31:52
59                android:name="androidx.emoji2.text.EmojiCompatInitializer"
59-->[androidx.emoji2:emoji2:1.2.0] AndroidManifest.xml:30:17-75
60                android:value="androidx.startup" />
60-->[androidx.emoji2:emoji2:1.2.0] AndroidManifest.xml:31:17-49
61            <meta-data
61-->[androidx.lifecycle:lifecycle-process:2.4.1] AndroidManifest.xml:31:13-33:52
62                android:name="androidx.lifecycle.ProcessLifecycleInitializer"
62-->[androidx.lifecycle:lifecycle-process:2.4.1] AndroidManifest.xml:32:17-78
63                android:value="androidx.startup" />
63-->[androidx.lifecycle:lifecycle-process:2.4.1] AndroidManifest.xml:33:17-49
64        </provider>
65    </application>
66
67</manifest>